2024-11-17 10:50:58 [com.rsa.Main.main()] INFO  com.rsa.Main - Prime: 313977401929957515959046037234759792201, SecondPrime: 301965972482023236371842859421835627501
2024-11-17 10:50:58 [com.rsa.Main.main()] INFO  com.rsa.Main - n: 94810491511158700651179870938917822026375513684262524680538050451113200919701, z: 94810491511158700651179870938917822025759570309850543928207161554456605500000, e: 65537, d: 82979614303195933757282545999746515000313459471790245955384509202466948973473
2024-11-17 10:50:58 [com.rsa.Main.main()] INFO  com.rsa.Main - Dati Cifrati: 25955307363634705245366317908949117551920279826229859873319103178829366125468;93700095321464033781821464659675168060587268136959872440553356149154956326529;63644358917048992742599109501135996710263946603602792037202138182443224952080;
2024-11-17 10:50:58 [com.rsa.Main.main()] INFO  com.rsa.Main - Dati Decrittati: uno
2024-11-17 11:26:22 [com.rsa.Main.main()] INFO  com.rsa.Main - Prime: 307487321237089952525550662905855969631, SecondPrime: 305218810242010425511945292511658283407
2024-11-17 11:26:22 [com.rsa.Main.main()] INFO  com.rsa.Main - n: 93850914352487460624921419715123092300593289660587782547506603121380983212817, z: 93850914352487460624921419715123092299980583529108682169469107165963468959780, e: 65537, d: 39297752287424827112456987653118206492455668907728465692579325249071051698953
2024-11-17 11:26:22 [com.rsa.Main.main()] INFO  com.rsa.Main - Dati Cifrati: 51638696824690464070011765258219910956269777046294463009911635902894926989387;5151912217031724966268381459072194103422615259694589607595330184766909698529;72279369258522233083346432461024302720702678389125611761700646070558034253029;
2024-11-17 11:26:22 [com.rsa.Main.main()] INFO  com.rsa.Main - Dati Decrittati: uno
2024-11-17 11:28:05 [com.rsa.Main.main()] INFO  com.rsa.Main - Prime: 179999655074291082981745743020612459671, SecondPrime: 253344256607460949407036240989631455347
2024-11-17 11:28:05 [com.rsa.Main.main()] INFO  com.rsa.Main - n: 45601878804395660509812546597922958687237344819616009760846053323493074810837, z: 45601878804395660509812546597922958686804000907934257728457271339482830895820, e: 65537, d: 4158213341090810797055705608575119415175255343177367352568177571825829644833
2024-11-17 11:28:05 [com.rsa.Main.main()] INFO  com.rsa.Main - Dati Cifrati: 35221142514347528612020260876071384934495472291905731773047089853224286342198;3240783413535887573690328306745968173956203493926715142636684723314405670331;8500234645034347177613881226753151793485445104684650769607373968747531564827;28489248984363297161049462050567276447146930856850323904881511536067598669688;35221142514347528612020260876071384934495472291905731773047089853224286342198;
2024-11-17 11:28:05 [com.rsa.Main.main()] INFO  com.rsa.Main - Dati Decrittati: tpsit
2024-11-17 11:30:37 [com.rsa.Main.main()] INFO  com.rsa.Main - Prime: 254541666450187644491317484359022944429, SecondPrime: 219217506303347221355723675846946190547
2024-11-17 11:30:37 [com.rsa.Main.main()] INFO  com.rsa.Main - n: 55799989369508515894321111706224184057039053504969716005614395426108826112663, z: 55799989369508515894321111706224184056565294332216181139767354265902856977688, e: 65537, d: 991061348949569136533405160841127153239269460040887358998568753002287647009
2024-11-17 11:30:37 [com.rsa.Main.main()] INFO  com.rsa.Main - Dati Cifrati: 42668209929960160099114508801843124474635606231330064020830059188241973526808;47884432052219950549727201822795235797290295020945457307505963965294501997456;28501628078350745238461526008799195198137739739200608001238445771406994533993;23026114329874622488907577403281690427511989807880101776611886679158667310270;52786753093668384252333254310624354047117027273795866622805905544130854794325;42668209929960160099114508801843124474635606231330064020830059188241973526808;23026114329874622488907577403281690427511989807880101776611886679158667310270;50707377078622605812581304495993573140575204901615101007216187556257405665009;33282751546379086293625432777686076148731615978167963876676017423307301002899;52786753093668384252333254310624354047117027273795866622805905544130854794325;4808749850605793522068924975276830069912165614080834710802220777131058966771;4935714398551814565427851839235249686897247176971018882247509744692930699560;28501628078350745238461526008799195198137739739200608001238445771406994533993;47884432052219950549727201822795235797290295020945457307505963965294501997456;
2024-11-17 11:30:37 [com.rsa.Main.main()] INFO  com.rsa.Main - Dati Decrittati: ciao come stai
2024-11-17 11:41:35 [com.rsa.Main.main()] INFO  com.rsa.Main - Generazione delle chiavi RSA...
2024-11-17 11:41:35 [com.rsa.Main.main()] INFO  com.rsa.Main - Prime: 304243212206271981923010921086106689597, SecondPrime: 245123869403374360527278139147613426241
2024-11-17 11:41:35 [com.rsa.Main.main()] INFO  com.rsa.Main - n: 74577273415713325443736440580421811187459761429043984906538301417683441514877, z: 74577273415713325443736440580421811186910394347434338564088012357449721399040, e: 65537, d: 49070314238253048198495548937378112241969422235532043693800498479911300275713
2024-11-17 11:41:35 [com.rsa.Main.main()] INFO  com.rsa.Main - Chiavi generate con successo.
2024-11-17 11:41:35 [com.rsa.Main.main()] INFO  com.rsa.Main - Cifratura del file: C:\demo\dati\DatiCriptato.txt
2024-11-17 11:41:35 [com.rsa.Main.main()] INFO  com.rsa.Main - Dati Cifrati: 41719152377503283175298359341089491517248818396560559982145919434987203933186;2949591969132739810694179697669405485225777783235485460238773861510273618681;35714678756317690418664471509836735787626756385360866099660478679921453144650;23686958967269929930193863787428170236313873338431639701214482684362611340033;32751910012460159727165410386302095585551938102302678131845189714701237787701;41719152377503283175298359341089491517248818396560559982145919434987203933186;23686958967269929930193863787428170236313873338431639701214482684362611340033;7151498924673886686275779353535039158531705890936695153721218158750098571265;53045812536384786016507706811810665472257692646264437355825163156723743870643;32751910012460159727165410386302095585551938102302678131845189714701237787701;13182231976704699761319656027627562867387638819632780771766599073071060559554;46201909879167328375234535887026584312559643267348421108100370431304026492852;35714678756317690418664471509836735787626756385360866099660478679921453144650;2949591969132739810694179697669405485225777783235485460238773861510273618681;
2024-11-17 11:41:35 [com.rsa.Main.main()] INFO  com.rsa.Main - File cifrato salvato in: C:\demo\dati\DatiCriptato.txt
2024-11-17 11:41:35 [com.rsa.Main.main()] INFO  com.rsa.Main - Decifratura del file: C:\demo\dati\DatiCriptato.txt
2024-11-17 11:41:35 [com.rsa.Main.main()] INFO  com.rsa.Main - Dati Decrittati: ciao come stai
2024-11-17 11:41:35 [com.rsa.Main.main()] INFO  com.rsa.Main - File decifrato salvato in: C:\demo\dati\DatiDecriptato.txt
2024-11-17 11:44:10 [com.rsa.Main.main()] INFO  com.rsa.Main - Generazione delle chiavi RSA...
2024-11-17 11:44:10 [com.rsa.Main.main()] INFO  com.rsa.Main - Prime: 294342331857293865892807516667106098993, SecondPrime: 197063139006103167199565126781161559599
2024-11-17 11:44:10 [com.rsa.Main.main()] INFO  com.rsa.Main - n: 58004023858174449723516636162997733662255284097772411808293304909376763383807, z: 58004023858174449723516636162997733661763878626909014775200932265928495725216, e: 65537, d: 49283550734983079152300232969168039446750077322135611620035837958648738208385
2024-11-17 11:44:10 [com.rsa.Main.main()] INFO  com.rsa.Main - Chiavi generate con successo.
2024-11-17 11:44:10 [com.rsa.Main.main()] INFO  com.rsa.Main - Cifratura del file: C:\demo\dati\DatiCriptato.txt
2024-11-17 11:44:10 [com.rsa.Main.main()] INFO  com.rsa.Main - Dati Cifrati: 6239811394731870134205242388401932183020406618458887969421458833910014726612;22061536655162767921903528347653826805011991060756446051323884728468844471671;2324428365894565789383303250874338992763510264484830372557110990471398121632;39703265989366536852503494813490655729101675526864412120245637901111128798168;57007224085526991262120502381183603432480716441663867271947376828799824925697;6239811394731870134205242388401932183020406618458887969421458833910014726612;39703265989366536852503494813490655729101675526864412120245637901111128798168;45010133062012123375925512691150010849621652960288324300493651809128676402048;46147581412378384971660086592455668601077866794902505157924207757054319563824;57007224085526991262120502381183603432480716441663867271947376828799824925697;15985172597909052603536175451710465474625855298913992987608914776316035504203;42379399242510689850069206004443819735110840573768042860475933029059593816285;2324428365894565789383303250874338992763510264484830372557110990471398121632;22061536655162767921903528347653826805011991060756446051323884728468844471671;
2024-11-17 11:44:10 [com.rsa.Main.main()] INFO  com.rsa.Main - File cifrato salvato in: C:\demo\dati\DatiCriptato.txt
2024-11-17 11:44:10 [com.rsa.Main.main()] INFO  com.rsa.Main - Decifratura del file: C:\demo\dati\DatiCriptato.txt
2024-11-17 11:44:10 [com.rsa.Main.main()] INFO  com.rsa.Main - Dati Decrittati: ciao come stai
2024-11-17 11:44:10 [com.rsa.Main.main()] INFO  com.rsa.Main - File decifrato salvato in: C:\demo\dati\DatiDecriptato.txt
2024-11-17 11:48:50 [com.rsa.Main.main()] INFO  com.rsa.Main - Generazione delle chiavi RSA...
2024-11-17 11:48:50 [com.rsa.Main.main()] INFO  com.rsa.Main - Prime: 212434756685611650181548185874948451223, SecondPrime: 278903250802912071347214802027593534619
2024-11-17 11:48:50 [com.rsa.Main.main()] INFO  com.rsa.Main - n: 59248744223142747990082917007496247715271766920205103586557639739662283389037, z: 59248744223142747990082917007496247714780428912716579865028876751759741403196, e: 65537, d: 40749163024153321374261827688113369081526665132853000913015725326286198391865
2024-11-17 11:48:50 [com.rsa.Main.main()] INFO  com.rsa.Main - Chiavi generate con successo.
2024-11-17 11:48:50 [com.rsa.Main.main()] INFO  com.rsa.Main - Cifratura del file: C:\demo\dati\DatiCriptato.txt
2024-11-17 11:48:50 [com.rsa.Main.main()] INFO  com.rsa.Main - Dati Cifrati: 53222882285640035454320503774478496766343043150512250598097524539587592730603;46355051487452756751493634876724509377861369870447930076754636378149171807441;38439591320835884376013290813842752689836881221737190313492644277106362808214;
2024-11-17 11:48:50 [com.rsa.Main.main()] INFO  com.rsa.Main - File cifrato salvato in: C:\demo\dati\DatiCriptato.txt
2024-11-17 11:48:50 [com.rsa.Main.main()] INFO  com.rsa.Main - Decifratura del file: C:\demo\dati\DatiCriptato.txt
2024-11-17 11:48:50 [com.rsa.Main.main()] INFO  com.rsa.Main - Dati Decrittati: ehi
2024-11-17 11:48:50 [com.rsa.Main.main()] INFO  com.rsa.Main - File decifrato salvato in: C:\demo\dati\DatiDecriptato.txt
2024-11-17 12:12:04 [com.rsa.Main.main()] INFO  com.rsa.Main - Generazione delle chiavi RSA...
2024-11-17 12:12:04 [com.rsa.Main.main()] INFO  com.rsa.Main - Creazione dei chiavi in corso...
2024-11-17 12:12:04 [com.rsa.Main.main()] INFO  com.rsa.Main - Prime: 183252647101755680182629958478715279437, SecondPrime: 287003401098226217789591620953312800891
2024-11-17 12:12:04 [com.rsa.Main.main()] INFO  com.rsa.Main - n: 52594132978456887708219328399542347880185027890407720962364614387404207578367, z: 52594132978456887708219328399542347879714771842207739064392392807972179498040, e: 65537, d: 51533214050255718818122650917445288449210126704722064849168523187877588331273
2024-11-17 12:12:04 [com.rsa.Main.main()] INFO  com.rsa.Main - Chiavi generate con successo.
2024-11-17 12:12:04 [com.rsa.Main.main()] INFO  com.rsa.Main - Cifratura del file: dati/DatiCriptato.txt
2024-11-17 12:12:04 [com.rsa.Main.main()] INFO  com.rsa.Main - Dati Cifrati: 10305423040330525837946959236420283731900388579164288734009709930278986990704;48615752043506136276887665509031963162823221855275446762562405512622765044590;37521163700357257370583795936262133916885014428268869476016815638650447459984;
2024-11-17 12:12:04 [com.rsa.Main.main()] INFO  com.rsa.Main - File cifrato salvato in: dati/DatiCriptato.txt
2024-11-17 12:12:04 [com.rsa.Main.main()] INFO  com.rsa.Main - Decifratura del file: dati/DatiCriptato.txt
2024-11-17 12:12:04 [com.rsa.Main.main()] INFO  com.rsa.Main - Dati Decrittati: ehi
2024-11-17 12:12:04 [com.rsa.Main.main()] INFO  com.rsa.Main - File decifrato salvato in: dati/DatiDecriptato.txt
2024-11-17 12:12:19 [main] INFO  com.rsa.Main - Generazione delle chiavi RSA...
2024-11-17 12:12:19 [main] INFO  com.rsa.Main - Creazione dei chiavi in corso...
2024-11-17 12:12:19 [main] INFO  com.rsa.Main - Prime: 244491204982488245752457469475779154433, SecondPrime: 191634078555690279631607357228447539387
2024-11-17 12:12:19 [main] INFO  com.rsa.Main - n: 46852846781789527184797130638195784103305482560561967264232372205846323152571, z: 46852846781789527184797130638195784102869357277023788738848307379142096458752, e: 65537, d: 41935717829210856083327202742052985331800565001646984506951841899279738715137
2024-11-17 12:12:19 [main] INFO  com.rsa.Main - Chiavi generate con successo.
2024-11-17 12:12:19 [main] INFO  com.rsa.Main - Cifratura del file: dati/DatiCriptato.txt
2024-11-17 12:12:19 [main] INFO  com.rsa.Main - Dati Cifrati: 21221195763080615261986705216490795531929163097868668555863282438083241715701;7164263895666666638154149755301702749129478564970150067591063057003478532421;21400174350215507699357503807506374637036969526096195167840143606881223028855;10181225999593344888269097962634657540154586675177358714672107362697607265522;21221195763080615261986705216490795531929163097868668555863282438083241715701;17763894669647875473875499560324386250955562839519790464970472434937661913393;25219837572778997499953711737025729409263516288279531285143051756083316266105;31857352510167445623954335817870128109620780286213136664471875912862163984614;17763894669647875473875499560324386250955562839519790464970472434937661913393;
2024-11-17 12:12:19 [main] INFO  com.rsa.Main - File cifrato salvato in: dati/DatiCriptato.txt
2024-11-17 12:12:19 [main] INFO  com.rsa.Main - Decifratura del file: dati/DatiCriptato.txt
2024-11-17 12:12:19 [main] INFO  com.rsa.Main - Dati Decrittati: unoduetre
2024-11-17 12:12:19 [main] INFO  com.rsa.Main - File decifrato salvato in: dati/DatiDecriptato.txt
2024-11-17 12:13:06 [com.rsa.Main.main()] INFO  com.rsa.Main - Generazione delle chiavi RSA...
2024-11-17 12:13:06 [com.rsa.Main.main()] INFO  com.rsa.Main - Prime: 286080044183027502183752719954668470581, SecondPrime: 249667405348086496626349621319823519971
2024-11-17 12:13:06 [com.rsa.Main.main()] INFO  com.rsa.Main - n: 71424862353042421848230728000746284454212186296452792047206481616546479473151, z: 71424862353042421848230728000746284453676438846921678048396379275271987482600, e: 65537, d: 14516672513885668538664163708591185268214446273723190741178872574982420209473
2024-11-17 12:13:06 [com.rsa.Main.main()] INFO  com.rsa.Main - Chiavi generate con successo.
2024-11-17 12:13:06 [com.rsa.Main.main()] INFO  com.rsa.Main - Cifratura del file: dati/DatiCriptato.txt
2024-11-17 12:13:06 [com.rsa.Main.main()] INFO  com.rsa.Main - Dati Cifrati: 43063130392590809386720637202729943222711042351271589254860629836679390800244;6931129162840701457750269233196347353124813133950286411962270473268684853260;3067748522664053382860170671729155598395136987967774687660077687399416623204;9584202832341673642991211017579398489564982871295176712564440170235054455292;43063130392590809386720637202729943222711042351271589254860629836679390800244;61349604985366226070182227056205431785819917020580269412370625856247800936361;70236155000444156623064809683150807994282070389791755353074906428782086890319;7439979040120254523333339784591442392242802762785993288348774099456607180536;61349604985366226070182227056205431785819917020580269412370625856247800936361;
2024-11-17 12:13:06 [com.rsa.Main.main()] INFO  com.rsa.Main - File cifrato salvato in: dati/DatiCriptato.txt
2024-11-17 12:13:06 [com.rsa.Main.main()] INFO  com.rsa.Main - Decifratura del file: dati/DatiCriptato.txt
2024-11-17 12:13:06 [com.rsa.Main.main()] INFO  com.rsa.Main - Dati Decrittati: unoduetre
2024-11-17 12:13:06 [com.rsa.Main.main()] INFO  com.rsa.Main - File decifrato salvato in: dati/DatiDecriptato.txt
2024-11-17 12:21:27 [main] INFO  com.rsa.Main - Generazione delle chiavi RSA...
2024-11-17 12:21:27 [main] INFO  com.rsa.Main - Prime: 252981461753281012210022272654983060409, SecondPrime: 200130061075177285103520523090479540593
2024-11-17 12:21:27 [main] INFO  com.rsa.Main - n: 50629195391571755399865281830695509869284580953624893394800927605003486682537, z: 50629195391571755399865281830695509868831469430796435097487384809258024081536, e: 65537, d: 28024241146598974608015517397657969025157245297642117881447920584412531571201
2024-11-17 12:21:27 [main] INFO  com.rsa.Main - Chiavi generate con successo.
2024-11-17 12:21:27 [main] INFO  com.rsa.Main - Cifratura del file: dati/DatiCriptato.txt
2024-11-17 12:21:27 [main] INFO  com.rsa.Main - Dati Cifrati: 20564069360448965023531379795658183269665721266444327844186192796625807592051;6171479615907350584855149064837417474697187119976133351518740424483548061599;37021092008204853478343099520920263896994533801375508643913575771954173084657;19818006443532295541427054162362289379583078843952390777431265138386647189346;20564069360448965023531379795658183269665721266444327844186192796625807592051;5243749934442275125191282768079462100046335617260953934417438956444004999538;13943349148785372512018179334876000825530743654528331065326722783488572095467;2727160699974946500580261304422252080375345643357379717479811095143176598186;5243749934442275125191282768079462100046335617260953934417438956444004999538;
2024-11-17 12:21:27 [main] INFO  com.rsa.Main - File cifrato salvato in: dati/DatiCriptato.txt
2024-11-17 12:21:27 [main] INFO  com.rsa.Main - Decifratura del file: dati/DatiCriptato.txt
2024-11-17 12:21:27 [main] INFO  com.rsa.Main - Dati Decrittati: unoduetre
2024-11-17 12:21:27 [main] INFO  com.rsa.Main - File decifrato salvato in: dati/DatiDecriptato.txt
